*********************************************************************
* LD Score Regression (LDSC)
* Version 3.0.1
* (C) 2014-2019 Brendan Bulik-Sullivan and Hilary Finucane
* Broad Institute of MIT and Harvard / MIT Department of Mathematics
* GNU General Public License v3
*********************************************************************
Call: 
./ldsc.py \
--out /Users/mahmoudabdelmoneum/Desktop/MIT/UROPS/TsaiKellis_Reorganized/UKBB/GWAS/BOLT-LMM/Run_1/UKBB-SI-Genetics/5_Functional_Genomics/1_LDSC/output/rg_internal/SI__EUR_MM__FreqSoc_vs_Loneliness \
--rg /Users/mahmoudabdelmoneum/Desktop/MIT/UROPS/TsaiKellis_Reorganized/UKBB/GWAS/BOLT-LMM/Run_1/UKBB-SI-Genetics/5_Functional_Genomics/0_munge/output/ldsc_munged/SI__EUR_MM__trait2__FreqSoc.sumstats.gz,/Users/mahmoudabdelmoneum/Desktop/MIT/UROPS/TsaiKellis_Reorganized/UKBB/GWAS/BOLT-LMM/Run_1/UKBB-SI-Genetics/5_Functional_Genomics/0_munge/output/ldsc_munged/SI__EUR_MM__trait3__Loneliness.sumstats.gz \
--ref-ld-chr /Users/mahmoudabdelmoneum/Desktop/MIT/UROPS/TsaiKellis_Reorganized/UKBB/GWAS/BOLT-LMM/Run_1/UKBB-SI-Genetics/5_Functional_Genomics/reference_data/ldsc/LDscore/LDscore. \
--w-ld-chr /Users/mahmoudabdelmoneum/Desktop/MIT/UROPS/TsaiKellis_Reorganized/UKBB/GWAS/BOLT-LMM/Run_1/UKBB-SI-Genetics/5_Functional_Genomics/reference_data/ldsc/1000G_Phase3_weights_hm3_no_MHC/weights.hm3_noMHC. 

Beginning analysis at Tue Feb 17 16:04:32 2026
Reading summary statistics from /Users/mahmoudabdelmoneum/Desktop/MIT/UROPS/TsaiKellis_Reorganized/UKBB/GWAS/BOLT-LMM/Run_1/UKBB-SI-Genetics/5_Functional_Genomics/0_munge/output/ldsc_munged/SI__EUR_MM__trait2__FreqSoc.sumstats.gz ...
Read summary statistics for 746315 SNPs.
Reading reference panel LD Score from /Users/mahmoudabdelmoneum/Desktop/MIT/UROPS/TsaiKellis_Reorganized/UKBB/GWAS/BOLT-LMM/Run_1/UKBB-SI-Genetics/5_Functional_Genomics/reference_data/ldsc/LDscore/LDscore.[1-22] ... (ldscore_fromlist)
Read reference panel LD Scores for 1190321 SNPs.
Removing partitioned LD Scores with zero variance.
Reading regression weight LD Score from /Users/mahmoudabdelmoneum/Desktop/MIT/UROPS/TsaiKellis_Reorganized/UKBB/GWAS/BOLT-LMM/Run_1/UKBB-SI-Genetics/5_Functional_Genomics/reference_data/ldsc/1000G_Phase3_weights_hm3_no_MHC/weights.hm3_noMHC.[1-22] ... (ldscore_fromlist)
Read regression weight LD Scores for 1187349 SNPs.
After merging with reference panel LD, 739435 SNPs remain.
After merging with regression SNP LD, 736995 SNPs remain.
Computing rg for phenotype 2/2
Reading summary statistics from /Users/mahmoudabdelmoneum/Desktop/MIT/UROPS/TsaiKellis_Reorganized/UKBB/GWAS/BOLT-LMM/Run_1/UKBB-SI-Genetics/5_Functional_Genomics/0_munge/output/ldsc_munged/SI__EUR_MM__trait3__Loneliness.sumstats.gz ...
Read summary statistics for 1217311 SNPs.
After merging with summary statistics, 736995 SNPs remain.
736984 SNPs with valid alleles.

Heritability of phenotype 1
---------------------------
Total Observed scale h2: 0.0288 (0.0017)
Lambda GC: 1.1779
Mean Chi^2: 1.2392
Intercept: 0.9379 (0.0083)
Ratio < 0 (usually indicates GC correction).

Heritability of phenotype 2/2
-----------------------------
Total Observed scale h2: 0.0309 (0.0019)
Lambda GC: 1.2764
Mean Chi^2: 1.3462
Intercept: 1.0232 (0.0089)
Ratio: 0.067 (0.0258)

Genetic Covariance
------------------
Total Observed scale gencov: 0.0297 (0.0018)
Mean z1*z2: 1.2714
Intercept: 0.9606 (0.0085)

Genetic Correlation
-------------------
Genetic Correlation: 0.9964 (0.0007)
Z-score: 1431.9957
P: 0.


Summary of Genetic Correlation Results
                                                                                                                                                                                                   p1                                                                                                                                                                                                       p2     rg     se         z      p  h2_obs  h2_obs_se  h2_int  h2_int_se  gcov_int  gcov_int_se
/Users/mahmoudabdelmoneum/Desktop/MIT/UROPS/TsaiKellis_Reorganized/UKBB/GWAS/BOLT-LMM/Run_1/UKBB-SI-Genetics/5_Functional_Genomics/0_munge/output/ldsc_munged/SI__EUR_MM__trait2__FreqSoc.sumstats.gz /Users/mahmoudabdelmoneum/Desktop/MIT/UROPS/TsaiKellis_Reorganized/UKBB/GWAS/BOLT-LMM/Run_1/UKBB-SI-Genetics/5_Functional_Genomics/0_munge/output/ldsc_munged/SI__EUR_MM__trait3__Loneliness.sumstats.gz 0.9964 0.0007 1431.9957 0.0000  0.0309     0.0019  1.0232     0.0089    0.9606       0.0085

Analysis finished at Tue Feb 17 16:04:42 2026
Total time elapsed: 9.22s
