*********************************************************************
* LD Score Regression (LDSC)
* Version 3.0.1
* (C) 2014-2019 Brendan Bulik-Sullivan and Hilary Finucane
* Broad Institute of MIT and Harvard / MIT Department of Mathematics
* GNU General Public License v3
*********************************************************************
Call: 
./ldsc.py \
--out /Users/mahmoudabdelmoneum/Desktop/MIT/UROPS/TsaiKellis_Reorganized/UKBB/GWAS/BOLT-LMM/Run_1/UKBB-SI-Genetics/5_Functional_Genomics/1_LDSC/output/rg_internal/SI_continuous__EUR_Male_MM__ATC_vs_FreqSoc \
--rg /Users/mahmoudabdelmoneum/Desktop/MIT/UROPS/TsaiKellis_Reorganized/UKBB/GWAS/BOLT-LMM/Run_1/UKBB-SI-Genetics/5_Functional_Genomics/0_munge/output/ldsc_munged/SI_continuous__EUR_Male_MM__trait1__AbilityToConfide.sumstats.gz,/Users/mahmoudabdelmoneum/Desktop/MIT/UROPS/TsaiKellis_Reorganized/UKBB/GWAS/BOLT-LMM/Run_1/UKBB-SI-Genetics/5_Functional_Genomics/0_munge/output/ldsc_munged/SI_continuous__EUR_Male_MM__trait2__FreqSoc.sumstats.gz \
--ref-ld-chr /Users/mahmoudabdelmoneum/Desktop/MIT/UROPS/TsaiKellis_Reorganized/UKBB/GWAS/BOLT-LMM/Run_1/UKBB-SI-Genetics/5_Functional_Genomics/reference_data/ldsc/LDscore/LDscore. \
--w-ld-chr /Users/mahmoudabdelmoneum/Desktop/MIT/UROPS/TsaiKellis_Reorganized/UKBB/GWAS/BOLT-LMM/Run_1/UKBB-SI-Genetics/5_Functional_Genomics/reference_data/ldsc/1000G_Phase3_weights_hm3_no_MHC/weights.hm3_noMHC. 

Beginning analysis at Tue Feb 17 16:06:51 2026
Reading summary statistics from /Users/mahmoudabdelmoneum/Desktop/MIT/UROPS/TsaiKellis_Reorganized/UKBB/GWAS/BOLT-LMM/Run_1/UKBB-SI-Genetics/5_Functional_Genomics/0_munge/output/ldsc_munged/SI_continuous__EUR_Male_MM__trait1__AbilityToConfide.sumstats.gz ...
Read summary statistics for 746314 SNPs.
Reading reference panel LD Score from /Users/mahmoudabdelmoneum/Desktop/MIT/UROPS/TsaiKellis_Reorganized/UKBB/GWAS/BOLT-LMM/Run_1/UKBB-SI-Genetics/5_Functional_Genomics/reference_data/ldsc/LDscore/LDscore.[1-22] ... (ldscore_fromlist)
Read reference panel LD Scores for 1190321 SNPs.
Removing partitioned LD Scores with zero variance.
Reading regression weight LD Score from /Users/mahmoudabdelmoneum/Desktop/MIT/UROPS/TsaiKellis_Reorganized/UKBB/GWAS/BOLT-LMM/Run_1/UKBB-SI-Genetics/5_Functional_Genomics/reference_data/ldsc/1000G_Phase3_weights_hm3_no_MHC/weights.hm3_noMHC.[1-22] ... (ldscore_fromlist)
Read regression weight LD Scores for 1187349 SNPs.
After merging with reference panel LD, 739431 SNPs remain.
After merging with regression SNP LD, 736991 SNPs remain.
Computing rg for phenotype 2/2
Reading summary statistics from /Users/mahmoudabdelmoneum/Desktop/MIT/UROPS/TsaiKellis_Reorganized/UKBB/GWAS/BOLT-LMM/Run_1/UKBB-SI-Genetics/5_Functional_Genomics/0_munge/output/ldsc_munged/SI_continuous__EUR_Male_MM__trait2__FreqSoc.sumstats.gz ...
Read summary statistics for 1217311 SNPs.
After merging with summary statistics, 736991 SNPs remain.
736960 SNPs with valid alleles.

Heritability of phenotype 1
---------------------------
Total Observed scale h2: 0.0296 (0.0032)
Lambda GC: 1.1333
Mean Chi^2: 1.1382
Intercept: 1.0192 (0.0071)
Ratio: 0.139 (0.0512)

Heritability of phenotype 2/2
-----------------------------
Total Observed scale h2: 0.0187 (0.0029)
Lambda GC: 1.0957
Mean Chi^2: 1.1009
Intercept: 1.0176 (0.0074)
Ratio: 0.1749 (0.0738)

Genetic Covariance
------------------
Total Observed scale gencov: 0.0126 (0.0023)
Mean z1*z2: 0.4439
Intercept: 0.3909 (0.0052)

Genetic Correlation
-------------------
Genetic Correlation: 0.535 (0.0705)
Z-score: 7.5928
P: 3.1317e-14


Summary of Genetic Correlation Results
                                                                                                                                                                                                                            p1                                                                                                                                                                                                                    p2     rg     se      z      p  h2_obs  h2_obs_se  h2_int  h2_int_se  gcov_int  gcov_int_se
/Users/mahmoudabdelmoneum/Desktop/MIT/UROPS/TsaiKellis_Reorganized/UKBB/GWAS/BOLT-LMM/Run_1/UKBB-SI-Genetics/5_Functional_Genomics/0_munge/output/ldsc_munged/SI_continuous__EUR_Male_MM__trait1__AbilityToConfide.sumstats.gz /Users/mahmoudabdelmoneum/Desktop/MIT/UROPS/TsaiKellis_Reorganized/UKBB/GWAS/BOLT-LMM/Run_1/UKBB-SI-Genetics/5_Functional_Genomics/0_munge/output/ldsc_munged/SI_continuous__EUR_Male_MM__trait2__FreqSoc.sumstats.gz 0.5350 0.0705 7.5928 0.0000  0.0187     0.0029  1.0176     0.0074    0.3909       0.0052

Analysis finished at Tue Feb 17 16:07:01 2026
Total time elapsed: 9.42s
